2021-12-01 11:01:49.953  INFO 25346 --- [restartedMain] s.s.p.ProjectManagementApplication       : Starting ProjectManagementApplication on svobypc with PID 25346 (/home/svoby/Documents/project-management/target/classes started by svoby in /home/svoby/Documents/project-management)
2021-12-01 11:01:49.970 DEBUG 25346 --- [restartedMain] s.s.p.ProjectManagementApplication       : Running with Spring Boot v2.1.0.RELEASE, Spring v5.1.2.RELEASE
2021-12-01 11:01:49.972  INFO 25346 --- [restartedMain] s.s.p.ProjectManagementApplication       : The following profiles are active: dev
2021-12-01 11:01:50.160  INFO 25346 --- [restartedMain] .e.DevToolsPropertyDefaultsPostProcessor : Devtools property defaults active! Set 'spring.devtools.add-properties' to 'false' to disable
2021-12-01 11:01:50.162  INFO 25346 --- [restartedMain] .e.DevToolsPropertyDefaultsPostProcessor : For additional web related logging consider setting the 'logging.level.web' property to 'DEBUG'
2021-12-01 11:01:51.256  INFO 25346 --- [restartedMain] .s.d.r.c.RepositoryConfigurationDelegate : Bootstrapping Spring Data repositories in DEFAULT mode.
2021-12-01 11:01:51.341  INFO 25346 --- [restartedMain] .s.d.r.c.RepositoryConfigurationDelegate : Finished Spring Data repository scanning in 72ms. Found 2 repository interfaces.
2021-12-01 11:01:51.829  INFO 25346 --- [restartedMain] trationDelegate$BeanPostProcessorChecker : Bean 'org.springframework.transaction.annotation.ProxyTransactionManagementConfiguration' of type [org.springframework.transaction.annotation.ProxyTransactionManagementConfiguration$$EnhancerBySpringCGLIB$$4c62230c] is not eligible for getting processed by all BeanPostProcessors (for example: not eligible for auto-proxying)
2021-12-01 11:01:52.214  INFO 25346 --- [restartedMain] o.s.b.w.embedded.tomcat.TomcatWebServer  : Tomcat initialized with port(s): 8080 (http)
2021-12-01 11:01:52.256  INFO 25346 --- [restartedMain] o.apache.catalina.core.StandardService   : Starting service [Tomcat]
2021-12-01 11:01:52.257  INFO 25346 --- [restartedMain] org.apache.catalina.core.StandardEngine  : Starting Servlet Engine: Apache Tomcat/9.0.12
2021-12-01 11:01:52.299  INFO 25346 --- [restartedMain] o.a.catalina.core.AprLifecycleListener   : The APR based Apache Tomcat Native library which allows optimal performance in production environments was not found on the java.library.path: [/usr/java/packages/lib:/usr/lib64:/lib64:/lib:/usr/lib]
2021-12-01 11:01:52.415  INFO 25346 --- [restartedMain] o.a.c.c.C.[Tomcat].[localhost].[/]       : Initializing Spring embedded WebApplicationContext
2021-12-01 11:01:52.417  INFO 25346 --- [restartedMain] o.s.web.context.ContextLoader            : Root WebApplicationContext: initialization completed in 2251 ms
2021-12-01 11:01:52.483  INFO 25346 --- [restartedMain] o.s.b.w.servlet.FilterRegistrationBean   : Mapping filter: 'characterEncodingFilter' to: [/*]
2021-12-01 11:01:52.484  INFO 25346 --- [restartedMain] o.s.b.w.servlet.FilterRegistrationBean   : Mapping filter: 'hiddenHttpMethodFilter' to: [/*]
2021-12-01 11:01:52.484  INFO 25346 --- [restartedMain] o.s.b.w.servlet.FilterRegistrationBean   : Mapping filter: 'formContentFilter' to: [/*]
2021-12-01 11:01:52.485  INFO 25346 --- [restartedMain] o.s.b.w.servlet.FilterRegistrationBean   : Mapping filter: 'requestContextFilter' to: [/*]
2021-12-01 11:01:52.485  INFO 25346 --- [restartedMain] .s.DelegatingFilterProxyRegistrationBean : Mapping filter: 'springSecurityFilterChain' to: [/*]
2021-12-01 11:01:52.486  INFO 25346 --- [restartedMain] o.s.b.w.servlet.ServletRegistrationBean  : Servlet dispatcherServlet mapped to [/]
2021-12-01 11:01:52.487  INFO 25346 --- [restartedMain] o.s.b.w.servlet.ServletRegistrationBean  : Servlet webServlet mapped to [/h2-console/*]
2021-12-01 11:01:52.672  INFO 25346 --- [restartedMain] com.zaxxer.hikari.HikariDataSource       : HikariPool-1 - Starting...
2021-12-01 11:01:52.819  INFO 25346 --- [restartedMain] com.zaxxer.hikari.HikariDataSource       : HikariPool-1 - Start completed.
2021-12-01 11:01:52.939  INFO 25346 --- [restartedMain] o.hibernate.jpa.internal.util.LogHelper  : HHH000204: Processing PersistenceUnitInfo [
	name: default
	...]
2021-12-01 11:01:52.995  INFO 25346 --- [restartedMain] org.hibernate.Version                    : HHH000412: Hibernate Core {5.3.7.Final}
2021-12-01 11:01:52.997  INFO 25346 --- [restartedMain] org.hibernate.cfg.Environment            : HHH000206: hibernate.properties not found
2021-12-01 11:01:53.134  INFO 25346 --- [restartedMain] o.hibernate.annotations.common.Version   : HCANN000001: Hibernate Commons Annotations {5.0.4.Final}
2021-12-01 11:01:53.258  INFO 25346 --- [restartedMain] org.hibernate.dialect.Dialect            : HHH000400: Using dialect: org.hibernate.dialect.H2Dialect
2021-12-01 11:01:53.888  INFO 25346 --- [restartedMain] o.h.t.schema.internal.SchemaCreatorImpl  : HHH000476: Executing import script 'org.hibernate.tool.schema.internal.exec.ScriptSourceInputNonExistentImpl@2416aaee'
2021-12-01 11:01:53.891  INFO 25346 --- [restartedMain] j.LocalContainerEntityManagerFactoryBean : Initialized JPA EntityManagerFactory for persistence unit 'default'
2021-12-01 11:01:53.967  INFO 25346 --- [restartedMain] o.s.b.d.a.OptionalLiveReloadServer       : LiveReload server is running on port 35729
2021-12-01 11:01:55.034  INFO 25346 --- [restartedMain] o.s.s.web.DefaultSecurityFilterChain     : Creating filter chain: any request, [org.springframework.security.web.context.request.async.WebAsyncManagerIntegrationFilter@52d7e264, org.springframework.security.web.context.SecurityContextPersistenceFilter@633ea4f7, org.springframework.security.web.header.HeaderWriterFilter@4b962186, org.springframework.security.web.csrf.CsrfFilter@17c0a6ae, org.springframework.security.web.authentication.logout.LogoutFilter@6d4f3e9b, org.springframework.security.web.authentication.UsernamePasswordAuthenticationFilter@275a64c3, org.springframework.security.web.authentication.ui.DefaultLoginPageGeneratingFilter@d7ecb01, org.springframework.security.web.authentication.ui.DefaultLogoutPageGeneratingFilter@32a90c7e, org.springframework.security.web.savedrequest.RequestCacheAwareFilter@4514f395, org.springframework.security.web.servletapi.SecurityContextHolderAwareRequestFilter@578a16a9, org.springframework.security.web.authentication.AnonymousAuthenticationFilter@21602cff, org.springframework.security.web.session.SessionManagementFilter@41c8e437, org.springframework.security.web.access.ExceptionTranslationFilter@708fb6fc, org.springframework.security.web.access.intercept.FilterSecurityInterceptor@48658d8]
2021-12-01 11:01:55.458  INFO 25346 --- [restartedMain] o.s.s.concurrent.ThreadPoolTaskExecutor  : Initializing ExecutorService 'applicationTaskExecutor'
2021-12-01 11:01:55.530  WARN 25346 --- [restartedMain] aWebConfiguration$JpaWebMvcConfiguration : spring.jpa.open-in-view is enabled by default. Therefore, database queries may be performed during view rendering. Explicitly configure spring.jpa.open-in-view to disable this warning
2021-12-01 11:01:55.858  INFO 25346 --- [restartedMain] o.s.b.a.w.s.WelcomePageHandlerMapping    : Adding welcome page template: index
2021-12-01 11:01:56.240  INFO 25346 --- [restartedMain] o.s.b.w.embedded.tomcat.TomcatWebServer  : Tomcat started on port(s): 8080 (http) with context path ''
2021-12-01 11:01:56.253  INFO 25346 --- [restartedMain] s.s.p.ProjectManagementApplication       : Started ProjectManagementApplication in 7.234 seconds (JVM running for 8.719)
2021-12-01 11:03:22.720  INFO 25346 --- [http-nio-8080-exec-1] o.a.c.c.C.[Tomcat].[localhost].[/]       : Initializing Spring DispatcherServlet 'dispatcherServlet'
2021-12-01 11:03:22.721  INFO 25346 --- [http-nio-8080-exec-1] o.s.web.servlet.DispatcherServlet        : Initializing Servlet 'dispatcherServlet'
2021-12-01 11:03:22.728  INFO 25346 --- [http-nio-8080-exec-1] o.s.web.servlet.DispatcherServlet        : Completed initialization in 7 ms
2021-12-01 11:03:30.076 DEBUG 25346 --- [http-nio-8080-exec-4] s.s.p.logging.ApplicationLoggerAspect    : 
 ------------------------------------------ 
2021-12-01 11:03:30.078 DEBUG 25346 --- [http-nio-8080-exec-4] s.s.p.logging.ApplicationLoggerAspect    :  Před metodou 
 svoby.spring.projectmanagement.controllers.IndexController, zobrazitIndex () with arguments[s] = [{}]
2021-12-01 11:03:30.078 DEBUG 25346 --- [http-nio-8080-exec-4] s.s.p.logging.ApplicationLoggerAspect    :  ---------------------------------------------- 
 
 

2021-12-01 11:03:30.120  INFO 25346 --- [http-nio-8080-exec-4] o.h.h.i.QueryTranslatorFactoryInitiator  : HHH000397: Using ASTQueryTranslatorFactory
2021-12-01 11:03:30.214 DEBUG 25346 --- [http-nio-8080-exec-4] s.s.p.logging.ApplicationLoggerAspect    :  Po metodě 
 svoby.spring.projectmanagement.controllers.IndexController, zobrazitIndex () with arguments[s] = [{verzeCislo=0.0.1, projektStatusPocet=[], projektyList=[], zamestnanciListProjektyPocet=[]}]
2021-12-01 11:03:30.215 DEBUG 25346 --- [http-nio-8080-exec-4] s.s.p.logging.ApplicationLoggerAspect    :  ---------------------------------------------- 
 
 

2021-12-01 11:04:05.187 DEBUG 25346 --- [http-nio-8080-exec-7] s.s.p.logging.ApplicationLoggerAspect    : 
 ------------------------------------------ 
2021-12-01 11:04:05.189 DEBUG 25346 --- [http-nio-8080-exec-7] s.s.p.logging.ApplicationLoggerAspect    :  Před metodou 
 svoby.spring.projectmanagement.controllers.ZamestnanecController, zobrazitSeznamZamestnancu () with arguments[s] = [{}]
2021-12-01 11:04:05.190 DEBUG 25346 --- [http-nio-8080-exec-7] s.s.p.logging.ApplicationLoggerAspect    :  ---------------------------------------------- 
 
 

2021-12-01 11:04:05.200 DEBUG 25346 --- [http-nio-8080-exec-7] s.s.p.logging.ApplicationLoggerAspect    :  Po metodě 
 svoby.spring.projectmanagement.controllers.ZamestnanecController, zobrazitSeznamZamestnancu () with arguments[s] = [{seznam=[]}]
2021-12-01 11:04:05.200 DEBUG 25346 --- [http-nio-8080-exec-7] s.s.p.logging.ApplicationLoggerAspect    :  ---------------------------------------------- 
 
 

2021-12-01 11:04:07.510 DEBUG 25346 --- [http-nio-8080-exec-10] s.s.p.logging.ApplicationLoggerAspect    : 
 ------------------------------------------ 
2021-12-01 11:04:07.510 DEBUG 25346 --- [http-nio-8080-exec-10] s.s.p.logging.ApplicationLoggerAspect    :  Před metodou 
 svoby.spring.projectmanagement.controllers.ProjektController, zobrazitSeznamProjektu () with arguments[s] = [{}]
2021-12-01 11:04:07.511 DEBUG 25346 --- [http-nio-8080-exec-10] s.s.p.logging.ApplicationLoggerAspect    :  ---------------------------------------------- 
 
 

2021-12-01 11:04:07.515 DEBUG 25346 --- [http-nio-8080-exec-10] s.s.p.logging.ApplicationLoggerAspect    :  Po metodě 
 svoby.spring.projectmanagement.controllers.ProjektController, zobrazitSeznamProjektu () with arguments[s] = [{seznam=[]}]
2021-12-01 11:04:07.515 DEBUG 25346 --- [http-nio-8080-exec-10] s.s.p.logging.ApplicationLoggerAspect    :  ---------------------------------------------- 
 
 

2021-12-01 11:04:20.332 DEBUG 25346 --- [http-nio-8080-exec-2] s.s.p.logging.ApplicationLoggerAspect    : 
 ------------------------------------------ 
2021-12-01 11:04:20.332 DEBUG 25346 --- [http-nio-8080-exec-2] s.s.p.logging.ApplicationLoggerAspect    :  Před metodou 
 svoby.spring.projectmanagement.controllers.ProjektController, zobrazitSeznamProjektu () with arguments[s] = [{}]
2021-12-01 11:04:20.332 DEBUG 25346 --- [http-nio-8080-exec-2] s.s.p.logging.ApplicationLoggerAspect    :  ---------------------------------------------- 
 
 

2021-12-01 11:04:20.334 DEBUG 25346 --- [http-nio-8080-exec-2] s.s.p.logging.ApplicationLoggerAspect    :  Po metodě 
 svoby.spring.projectmanagement.controllers.ProjektController, zobrazitSeznamProjektu () with arguments[s] = [{seznam=[]}]
2021-12-01 11:04:20.334 DEBUG 25346 --- [http-nio-8080-exec-2] s.s.p.logging.ApplicationLoggerAspect    :  ---------------------------------------------- 
 
 

